<?xml version="1.0" encoding="UTF-8"?>
<!-- Generated by org.testng.reporters.JUnitReportReporter -->
<testsuite skipped="0" hostname="PAVAN-PC" name="Selenium.ParametersProgram" tests="1" failures="0" timestamp="25 Jan 2019 04:51:30 GMT" time="53.718" errors="0">
  <testcase name="loginUsingParameters" time="53.718" classname="Selenium.ParametersProgram"/>
</testsuite> <!-- Selenium.ParametersProgram -->
