<?xml version="1.0" encoding="UTF-8"?>
<!-- Generated by org.testng.reporters.JUnitReportReporter -->
<testsuite skipped="0" hostname="PAVAN-PC" name="Selenium.ListenersProgram" tests="1" failures="0" timestamp="25 Jan 2019 04:47:28 GMT" time="24.678" errors="0">
  <testcase name="GoogleTitleVerify" time="24.678" classname="Selenium.ListenersProgram"/>
</testsuite> <!-- Selenium.ListenersProgram -->
