<?xml version="1.0" encoding="UTF-8"?>
<!-- Generated by org.testng.reporters.JUnitReportReporter -->
<testsuite skipped="0" hostname="PAVAN-PC" name="Selenium.MyFirstTestCase" tests="1" failures="0" timestamp="12 Jan 2019 09:49:40 GMT" time="26.192" errors="0">
  <testcase name="GoogleTitleVerify" time="26.192" classname="Selenium.MyFirstTestCase"/>
</testsuite> <!-- Selenium.MyFirstTestCase -->
